<?xml version="1.0" encoding="UTF-8"?>
<!-- Generated by org.testng.reporters.JUnitReportReporter -->
<testsuite hostname="LAPTOP-8RPB2MRA" failures="0" tests="3" name="TestCase" time="5.616" errors="0" timestamp="2024-08-14T16:20:02 ICT" skipped="0">
  <testcase classname="TestCase" name="TC01_GetMethodParam" time="3.030"/>
  <testcase classname="TestCase" name="TC02_PostMethod" time="1.727"/>
  <testcase classname="TestCase" name="TC02_GetMethodMultipleParam" time="0.859"/>
</testsuite> <!-- TestCase -->
